Rebuild target 'Project Template'
compiling main.c...
compiling stm32f4xx_it.c...
compiling system_stm32f4xx.c...
compiling myList.c...
myList.c(82): error:  #167: argument of type "int" is incompatible with parameter of type "USART_TypeDef *"
                        Send_Custom_Data(0xFF,8,pMove->LongAddr);
myList.c(82): error:  #167: argument of type "u8 *" is incompatible with parameter of type "u8"
                        Send_Custom_Data(0xFF,8,pMove->LongAddr);
myList.c(82): error:  #165: too few arguments in function call
                        Send_Custom_Data(0xFF,8,pMove->LongAddr);
myList.c(83): error:  #167: argument of type "int" is incompatible with parameter of type "USART_TypeDef *"
                        Send_Custom_Data(0xFF,2,pMove->ShortAddr);
myList.c(83): error:  #167: argument of type "u8 *" is incompatible with parameter of type "u8"
                        Send_Custom_Data(0xFF,2,pMove->ShortAddr);
myList.c(83): error:  #165: too few arguments in function call
                        Send_Custom_Data(0xFF,2,pMove->ShortAddr);
myList.c: 0 warnings, 6 errors
compiling AnalyseAndSend.c...
AnalyseAndSend.c(15): error:  #167: argument of type "int" is incompatible with parameter of type "USART_TypeDef *"
                Send_Custom_Data(0xFF,2,Ack);//先回应再做自己的事
AnalyseAndSend.c(15): error:  #167: argument of type "u8 *" is incompatible with parameter of type "u8"
                Send_Custom_Data(0xFF,2,Ack);//先回应再做自己的事
AnalyseAndSend.c(15): error:  #165: too few arguments in function call
                Send_Custom_Data(0xFF,2,Ack);//先回应再做自己的事
AnalyseAndSend.c: 0 warnings, 3 errors
assembling startup_stm32f40_41xxx.s...
compiling misc.c...
compiling stm32f4xx_gpio.c...
compiling stm32f4xx_rcc.c...
compiling stm32f4xx_syscfg.c...
compiling stm32f4xx_usart.c...
compiling sys.c...
compiling usart.c...
..\SYSTEM\usart\usart.c(216): error:  #20: identifier "mainAck" is undefined
                        Send_Custom_Data(0xFF,3,mainAck);//调试用，指示main函数执行完一轮
..\SYSTEM\usart\usart.c(216): error:  #167: argument of type "int" is incompatible with parameter of type "USART_TypeDef *"
                        Send_Custom_Data(0xFF,3,mainAck);//调试用，指示main函数执行完一轮
..\SYSTEM\usart\usart.c(216): error:  #165: too few arguments in function call
                        Send_Custom_Data(0xFF,3,mainAck);//调试用，指示main函数执行完一轮
..\SYSTEM\usart\usart.c: 0 warnings, 3 errors
compiling delay.c...
compiling OLED.c...
compiling IIC.c...
compiling led.c...
compiling Zigbee.c...
compiling beep.c...
"..\OBJ\object.axf" - 12 Error(s), 0 Warning(s).
Target not created.
