Rebuild target 'Project Template'
compiling main.c...
compiling stm32f4xx_it.c...
compiling system_stm32f4xx.c...
assembling startup_stm32f40_41xxx.s...
compiling stm32f4xx_tim.c...
compiling misc.c...
compiling stm32f4xx_gpio.c...
compiling stm32f4xx_rcc.c...
compiling stm32f4xx_syscfg.c...
compiling stm32f4xx_usart.c...
compiling sys.c...
compiling usart.c...
compiling delay.c...
compiling OLED.c...
compiling IIC.c...
compiling led.c...
..\HARDWARE\LED\led.c(38): error:  #247: function "LED_Light_Plus" has already been defined
  void LED_Light_Plus(){
..\HARDWARE\LED\led.c: 0 warnings, 1 error
compiling Zigbee.c...
compiling beep.c...
compiling timer.c...
"..\OBJ\object.axf" - 1 Error(s), 0 Warning(s).
Target not created.
